<?xml version="1.0" encoding="UTF-8"?>
<!-- Generated by org.testng.reporters.JUnitReportReporter -->
<testsuite name="mavenddf.NewTest" tests="1" time="0.063" ignored="0" failures="0" timestamp="01 Jan 2017 06:49:40 GMT" skipped="0" hostname="pc-PC" errors="0">
  <testcase name="f" time="0.063" classname="mavenddf.NewTest"/>
</testsuite> <!-- mavenddf.NewTest -->
